Using pre-set license
Built from '2020.2/release' branch; Version is '2020.2.0f1 (3721df5a8b28) revision 3613151'; Using compiler version '192528614'; Build Type 'Release'
OS: 'Windows 10  (10.0.0) 64bit' Language: 'es' Physical Memory: 16284 MB
BatchMode: 1, IsHumanControllingUs: 0, StartBugReporterOnCrash: 0, Is64bit: 1, IsPro: 0

 COMMAND LINE ARGUMENTS:
C:\Program Files\Unity\Hub\Editor\2020.2.0f1\Editor\Unity.exe
-adb2
-batchMode
-noUpm
-name
AssetImportWorker1
-projectPath
C:/Users/Daniel/Documents/OGS
-logFile
Logs/AssetImportWorker1.log
-srvPort
54041
Successfully changed project path to: C:/Users/Daniel/Documents/OGS
C:/Users/Daniel/Documents/OGS
Using Asset Import Pipeline V2.
Refreshing native plugins compatible for Editor in 34.46 ms, found 0 plugins.
Preloading 0 native plugins for Editor in 0.00 ms.
Initialize engine version: 2020.2.0f1 (3721df5a8b28)
[Subsystems] Discovering subsystems at path C:/Program Files/Unity/Hub/Editor/2020.2.0f1/Editor/Data/Resources/UnitySubsystems
[Subsystems] Discovering subsystems at path C:/Users/Daniel/Documents/OGS/Assets
GfxDevice: creating device client; threaded=0
Direct3D:
    Version:  Direct3D 11.0 [level 11.1]
    Renderer: NVIDIA GeForce GTX 950 (ID=0x1402)
    Vendor:   
    VRAM:     2007 MB
    Driver:   30.0.14.7212
Initialize mono
Mono path[0] = 'C:/Program Files/Unity/Hub/Editor/2020.2.0f1/Editor/Data/Managed'
Mono path[1] = 'C:/Program Files/Unity/Hub/Editor/2020.2.0f1/Editor/Data/MonoBleedingEdge/lib/mono/unityjit'
Mono config path = 'C:/Program Files/Unity/Hub/Editor/2020.2.0f1/Editor/Data/MonoBleedingEdge/etc'
Using monoOptions --debugger-agent=transport=dt_socket,embedding=1,server=y,suspend=n,address=127.0.0.1:56572
Begin MonoManager ReloadAssembly
Registering precompiled unity dll's ...
Register platform support module: C:/Program Files/Unity/Hub/Editor/2020.2.0f1/Editor/Data/PlaybackEngines/WebGLSupport/UnityEditor.WebGL.Extensions.dll
Register platform support module: C:/Program Files/Unity/Hub/Editor/2020.2.0f1/Editor/Data/PlaybackEngines/WindowsStandaloneSupport/UnityEditor.WindowsStandalone.Extensions.dll
Registered in 0.002730 seconds.
Native extension for WindowsStandalone target not found
Native extension for WebGL target not found
Refreshing native plugins compatible for Editor in 35.50 ms, found 0 plugins.
Preloading 0 native plugins for Editor in 0.00 ms.
Invoked RoslynAnalysisRunner static constructor.
RoslynAnalysisRunner will not be running.
RoslynAnalysisRunner has terminated.
Mono: successfully reloaded assembly
- Completed reload, in  2.844 seconds
Platform modules already initialized, skipping
Registering precompiled user dll's ...
Registered in 0.000852 seconds.
Begin MonoManager ReloadAssembly
Native extension for WindowsStandalone target not found
Native extension for WebGL target not found
Refreshing native plugins compatible for Editor in 0.26 ms, found 0 plugins.
Preloading 0 native plugins for Editor in 0.00 ms.
Invoked RoslynAnalysisRunner static constructor.
RoslynAnalysisRunner will not be running.
RoslynAnalysisRunner has terminated.
Mono: successfully reloaded assembly
- Completed reload, in  1.150 seconds
Platform modules already initialized, skipping
========================================================================
Worker process is ready to serve import requests
Launched and connected shader compiler UnityShaderCompiler.exe after 0.05 seconds
Refreshing native plugins compatible for Editor in 0.25 ms, found 0 plugins.
Preloading 0 native plugins for Editor in 0.00 ms.
Unloading 1146 Unused Serialized files (Serialized files now loaded: 0)
System memory in use before: 60.8 MB.
System memory in use after: 60.9 MB.

Unloading 9 unused Assets to reduce memory usage. Loaded Objects now: 1597.
Total: 2.096800 ms (FindLiveObjects: 0.141400 ms CreateObjectMapping: 0.045300 ms MarkObjects: 1.807700 ms  DeleteObjects: 0.101500 ms)

========================================================================
Received Import Request.
  path: Assets/UI/icon.png
  artifactKey: Guid(413d7efc8ee8f1d45a515298f24a7564) Importer(815301076,1909f56bfc062723c751e8b465ee728b)
Start importing Assets/UI/icon.png using Guid(413d7efc8ee8f1d45a515298f24a7564) Importer(815301076,1909f56bfc062723c751e8b465ee728b)  -> (artifact id: '46f516159d18407c9683d8e4e345de9b') in 0.596575 seconds
  Import took 0.626011 seconds .

========================================================================
Received Import Request.
  Time since last request: 142.677524 seconds.
  path: Assets/UI/icon.png
  artifactKey: Guid(413d7efc8ee8f1d45a515298f24a7564) Importer(815301076,1909f56bfc062723c751e8b465ee728b)
Start importing Assets/UI/icon.png using Guid(413d7efc8ee8f1d45a515298f24a7564) Importer(815301076,1909f56bfc062723c751e8b465ee728b)  -> (artifact id: '554102cc54a5de12d0ecb45b7ba486b3') in 0.101458 seconds
  Import took 0.104807 seconds .

========================================================================
Received Prepare
Refreshing native plugins compatible for Editor in 0.89 ms, found 0 plugins.
Preloading 0 native plugins for Editor in 0.00 ms.
Unloading 3 Unused Serialized files (Serialized files now loaded: 0)
System memory in use before: 40.9 MB.
System memory in use after: 41.0 MB.

Unloading 3 unused Assets to reduce memory usage. Loaded Objects now: 1603.
Total: 2.844400 ms (FindLiveObjects: 0.162700 ms CreateObjectMapping: 0.045200 ms MarkObjects: 2.576200 ms  DeleteObjects: 0.058500 ms)

========================================================================
Received Import Request.
  Time since last request: 905.122099 seconds.
  path: Assets/Scripts/WheelBehaviour.cs
  artifactKey: Guid(8d43548634fc660448d76c91ac90a896) Importer(815301076,1909f56bfc062723c751e8b465ee728b)
Start importing Assets/Scripts/WheelBehaviour.cs using Guid(8d43548634fc660448d76c91ac90a896) Importer(815301076,1909f56bfc062723c751e8b465ee728b)  -> (artifact id: '9af82c7bfc64411974d8ae9a066e3c34') in 0.088167 seconds
  Import took 0.155627 seconds .

========================================================================
Received Prepare
Registering precompiled user dll's ...
Registered in 0.001419 seconds.
Begin MonoManager ReloadAssembly
Native extension for WindowsStandalone target not found
Native extension for WebGL target not found
Refreshing native plugins compatible for Editor in 0.25 ms, found 0 plugins.
Preloading 0 native plugins for Editor in 0.00 ms.
Invoked RoslynAnalysisRunner static constructor.
RoslynAnalysisRunner will not be running.
RoslynAnalysisRunner has terminated.
Mono: successfully reloaded assembly
- Completed reload, in  1.258 seconds
Platform modules already initialized, skipping
Refreshing native plugins compatible for Editor in 0.25 ms, found 0 plugins.
Preloading 0 native plugins for Editor in 0.00 ms.
Unloading 1130 Unused Serialized files (Serialized files now loaded: 0)
System memory in use before: 63.1 MB.
System memory in use after: 63.2 MB.

Unloading 5 unused Assets to reduce memory usage. Loaded Objects now: 1605.
Total: 1.993600 ms (FindLiveObjects: 0.186000 ms CreateObjectMapping: 0.052500 ms MarkObjects: 1.673300 ms  DeleteObjects: 0.080200 ms)

AssetImportWorkerClient::OnTransportError - code=2 error=End of file
